app/build/intermediates/manifest_merge_blame_file/debug/processDebugMainManifest/manifest-merger-blame-debug-report.txt
1<?xml version="1.0" encoding="utf-8"?>
2<manifest xmlns:android="http://schemas.android.com/apk/res/android"
3    package="com.shenji.aikeyboard"
4    android:versionCode="1"
5    android:versionName="1.0" >
6
7    <uses-sdk
8        android:minSdkVersion="28"
9        android:targetSdkVersion="34" />
10
11    <!-- 写入外部存储权限（日志写入） -->
12    <uses-permission
12-->src\main\AndroidManifest.xml:7:5-8:38
13        android:name="android.permission.WRITE_EXTERNAL_STORAGE"
13-->src\main\AndroidManifest.xml:7:22-78
14        android:maxSdkVersion="32" />
14-->src\main\AndroidManifest.xml:8:9-35
15    <!-- Android 10+需要此权限 -->
16    <uses-permission
16-->src\main\AndroidManifest.xml:10:5-11:38
17        android:name="android.permission.READ_EXTERNAL_STORAGE"
17-->src\main\AndroidManifest.xml:10:22-77
18        android:maxSdkVersion="32" />
18-->src\main\AndroidManifest.xml:11:9-35
19    <!-- Android 13+需要新的存储权限 -->
20    <uses-permission android:name="android.permission.READ_MEDIA_IMAGES" />
20-->src\main\AndroidManifest.xml:13:5-76
20-->src\main\AndroidManifest.xml:13:22-73
21    <uses-permission android:name="android.permission.READ_MEDIA_VIDEO" />
21-->src\main\AndroidManifest.xml:14:5-75
21-->src\main\AndroidManifest.xml:14:22-72
22    <uses-permission android:name="android.permission.READ_MEDIA_AUDIO" />
22-->src\main\AndroidManifest.xml:15:5-75
22-->src\main\AndroidManifest.xml:15:22-72
23
24    <!-- 验证码自动填写相关权限 -->
25    <uses-permission android:name="android.permission.RECEIVE_SMS" />
25-->src\main\AndroidManifest.xml:18:5-70
25-->src\main\AndroidManifest.xml:18:22-67
26    <uses-permission android:name="android.permission.READ_SMS" />
26-->src\main\AndroidManifest.xml:19:5-67
26-->src\main\AndroidManifest.xml:19:22-64
27
28    <!-- Android 10+ 需要特殊权限 -->
29    <uses-permission android:name="android.permission.MANAGE_EXTERNAL_STORAGE" />
29-->src\main\AndroidManifest.xml:22:5-23:40
29-->src\main\AndroidManifest.xml:22:22-79
30
31    <!-- 添加获取应用使用统计的权限 -->
32    <uses-permission android:name="android.permission.PACKAGE_USAGE_STATS" />
32-->src\main\AndroidManifest.xml:26:5-114
32-->src\main\AndroidManifest.xml:26:22-75
33
34    <permission
34-->[androidx.core:core:1.13.0] AndroidManifest.xml:22:5-24:47
35        android:name="com.shenji.aikeyboard.DYNAMIC_RECEIVER_NOT_EXPORTED_PERMISSION"
35-->[androidx.core:core:1.13.0] AndroidManifest.xml:23:9-81
36        android:protectionLevel="signature" />
36-->[androidx.core:core:1.13.0] AndroidManifest.xml:24:9-44
37
38    <uses-permission android:name="com.shenji.aikeyboard.DYNAMIC_RECEIVER_NOT_EXPORTED_PERMISSION" />
38-->[androidx.core:core:1.13.0] AndroidManifest.xml:26:5-97
38-->[androidx.core:core:1.13.0] AndroidManifest.xml:26:22-94
39
40    <application
40-->src\main\AndroidManifest.xml:28:5-210:19
41        android:name="com.shenji.aikeyboard.ShenjiApplication"
41-->src\main\AndroidManifest.xml:29:9-42
42        android:allowBackup="true"
42-->src\main\AndroidManifest.xml:30:9-35
43        android:appComponentFactory="androidx.core.app.CoreComponentFactory"
43-->[androidx.core:core:1.13.0] AndroidManifest.xml:28:18-86
44        android:debuggable="true"
45        android:extractNativeLibs="false"
46        android:hardwareAccelerated="true"
46-->src\main\AndroidManifest.xml:36:9-43
47        android:icon="@mipmap/ic_launcher"
47-->src\main\AndroidManifest.xml:31:9-43
48        android:label="@string/app_name"
48-->src\main\AndroidManifest.xml:32:9-41
49        android:largeHeap="true"
49-->src\main\AndroidManifest.xml:35:9-33
50        android:roundIcon="@mipmap/ic_launcher_round"
50-->src\main\AndroidManifest.xml:33:9-54
51        android:supportsRtl="true"
51-->src\main\AndroidManifest.xml:34:9-35
52        android:theme="@style/Theme.SHENJI"
52-->src\main\AndroidManifest.xml:38:9-44
53        android:vmSafeMode="false" >
53-->src\main\AndroidManifest.xml:37:9-35
54
55        <!-- 启动页面 -->
56        <activity
56-->src\main\AndroidManifest.xml:42:9-50:20
57            android:name="com.shenji.aikeyboard.SplashActivity"
57-->src\main\AndroidManifest.xml:43:13-43
58            android:exported="true"
58-->src\main\AndroidManifest.xml:44:13-36
59            android:theme="@style/Theme.AppCompat.Light.NoActionBar" >
59-->src\main\AndroidManifest.xml:45:13-69
60            <intent-filter>
60-->src\main\AndroidManifest.xml:46:13-49:29
61                <action android:name="android.intent.action.MAIN" />
61-->src\main\AndroidManifest.xml:47:17-69
61-->src\main\AndroidManifest.xml:47:25-66
62
63                <category android:name="android.intent.category.LAUNCHER" />
63-->src\main\AndroidManifest.xml:48:17-77
63-->src\main\AndroidManifest.xml:48:27-74
64            </intent-filter>
65        </activity>
66
67        <!-- 主活动 -->
68        <activity
68-->src\main\AndroidManifest.xml:53:9-56:20
69            android:name="com.shenji.aikeyboard.ui.MainActivity"
69-->src\main\AndroidManifest.xml:54:13-44
70            android:exported="true" >
70-->src\main\AndroidManifest.xml:55:13-36
71        </activity>
72
73        <!-- 日志详情活动 -->
74        <activity
74-->src\main\AndroidManifest.xml:59:9-61:40
75            android:name="com.shenji.aikeyboard.ui.LogDetailActivity"
75-->src\main\AndroidManifest.xml:60:13-49
76            android:exported="false" />
76-->src\main\AndroidManifest.xml:61:13-37
77
78        <!-- 词典管理菜单活动 -->
79        <activity
79-->src\main\AndroidManifest.xml:64:9-67:38
80            android:name="com.shenji.aikeyboard.ui.dictionary.DictionaryMenuActivity"
80-->src\main\AndroidManifest.xml:65:13-65
81            android:exported="false"
81-->src\main\AndroidManifest.xml:66:13-37
82            android:label="词典管理中心" />
82-->src\main\AndroidManifest.xml:67:13-35
83
84        <!-- Realm词典列表活动 -->
85        <activity
85-->src\main\AndroidManifest.xml:70:9-73:36
86            android:name="com.shenji.aikeyboard.ui.dictionary.DictionaryListActivity"
86-->src\main\AndroidManifest.xml:71:13-65
87            android:exported="false"
87-->src\main\AndroidManifest.xml:72:13-37
88            android:label="词典列表" />
88-->src\main\AndroidManifest.xml:73:13-33
89
90        <!-- 词典详情活动 -->
91        <activity
91-->src\main\AndroidManifest.xml:76:9-78:40
92            android:name="com.shenji.aikeyboard.ui.DictionaryDetailActivity"
92-->src\main\AndroidManifest.xml:77:13-56
93            android:exported="false" />
93-->src\main\AndroidManifest.xml:78:13-37
94
95        <!-- 词典日志活动 -->
96        <activity
96-->src\main\AndroidManifest.xml:81:9-83:40
97            android:name="com.shenji.aikeyboard.ui.DictionaryLogsActivity"
97-->src\main\AndroidManifest.xml:82:13-54
98            android:exported="false" />
98-->src\main\AndroidManifest.xml:83:13-37
99
100        <!-- Trie树构建活动 -->
101        <activity
101-->src\main\AndroidManifest.xml:86:9-89:41
102            android:name="com.shenji.aikeyboard.ui.trie.TrieBuildActivity"
102-->src\main\AndroidManifest.xml:87:13-54
103            android:exported="false"
103-->src\main\AndroidManifest.xml:88:13-37
104            android:label="构建双Trie数据" />
104-->src\main\AndroidManifest.xml:89:13-38
105
106        <!-- 输入测试活动 -->
107        <activity
107-->src\main\AndroidManifest.xml:92:9-95:71
108            android:name="com.shenji.aikeyboard.ui.InputTestActivity"
108-->src\main\AndroidManifest.xml:93:13-49
109            android:exported="false"
109-->src\main\AndroidManifest.xml:94:13-37
110            android:windowSoftInputMode="stateVisible|adjustResize" />
110-->src\main\AndroidManifest.xml:95:13-68
111
112        <!-- 开发工具活动 -->
113        <activity
113-->src\main\AndroidManifest.xml:98:9-100:39
114            android:name="com.shenji.aikeyboard.ui.DevToolsActivity"
114-->src\main\AndroidManifest.xml:99:13-48
115            android:exported="true" />
115-->src\main\AndroidManifest.xml:100:13-36
116
117        <!-- 拼音测试活动 -->
118        <activity
118-->src\main\AndroidManifest.xml:103:9-105:40
119            android:name="com.shenji.aikeyboard.ui.PinyinTestActivity"
119-->src\main\AndroidManifest.xml:104:13-50
120            android:exported="false" />
120-->src\main\AndroidManifest.xml:105:13-37
121
122        <!-- 日志查看活动 -->
123        <activity
123-->src\main\AndroidManifest.xml:108:9-110:40
124            android:name="com.shenji.aikeyboard.ui.LogViewerActivity"
124-->src\main\AndroidManifest.xml:109:13-49
125            android:exported="false" />
125-->src\main\AndroidManifest.xml:110:13-37
126
127        <!-- 验证码测试活动 -->
128        <activity
128-->src\main\AndroidManifest.xml:113:9-115:40
129            android:name="com.shenji.aikeyboard.ui.VerificationCodeActivity"
129-->src\main\AndroidManifest.xml:114:13-56
130            android:exported="false" />
130-->src\main\AndroidManifest.xml:115:13-37
131
132        <!-- 权限检查活动 -->
133        <activity
133-->src\main\AndroidManifest.xml:118:9-120:40
134            android:name="com.shenji.aikeyboard.ui.PermissionCheckActivity"
134-->src\main\AndroidManifest.xml:119:13-55
135            android:exported="false" />
135-->src\main\AndroidManifest.xml:120:13-37
136
137        <!-- 系统检查活动 -->
138        <activity
138-->src\main\AndroidManifest.xml:123:9-125:40
139            android:name="com.shenji.aikeyboard.ui.SystemCheckActivity"
139-->src\main\AndroidManifest.xml:124:13-51
140            android:exported="false" />
140-->src\main\AndroidManifest.xml:125:13-37
141
142        <!-- 移动调试工具活动 -->
143        <activity
143-->src\main\AndroidManifest.xml:128:9-132:58
144            android:name="com.shenji.aikeyboard.ui.MobileDebugActivity"
144-->src\main\AndroidManifest.xml:129:13-51
145            android:exported="false"
145-->src\main\AndroidManifest.xml:130:13-37
146            android:label="@string/mobile_debug_title"
146-->src\main\AndroidManifest.xml:131:13-55
147            android:windowSoftInputMode="adjustResize" />
147-->src\main\AndroidManifest.xml:132:13-55
148
149        <!-- 音节测试活动 -->
150        <activity
150-->src\main\AndroidManifest.xml:135:9-139:58
151            android:name="com.shenji.aikeyboard.ui.SyllableTestActivity"
151-->src\main\AndroidManifest.xml:136:13-52
152            android:exported="false"
152-->src\main\AndroidManifest.xml:137:13-37
153            android:label="音节测试工具"
153-->src\main\AndroidManifest.xml:138:13-35
154            android:windowSoftInputMode="adjustResize" />
154-->src\main\AndroidManifest.xml:139:13-55
155
156        <!-- 输入调试活动 -->
157        <activity
157-->src\main\AndroidManifest.xml:142:9-146:58
158            android:name="com.shenji.aikeyboard.ui.InputDebugActivity"
158-->src\main\AndroidManifest.xml:143:13-50
159            android:exported="false"
159-->src\main\AndroidManifest.xml:144:13-37
160            android:label="输入调试工具"
160-->src\main\AndroidManifest.xml:145:13-35
161            android:windowSoftInputMode="adjustResize" />
161-->src\main\AndroidManifest.xml:146:13-55
162
163        <!-- 组合候选词测试活动 -->
164        <activity
164-->src\main\AndroidManifest.xml:149:9-153:58
165            android:name="com.shenji.aikeyboard.tools.CombinationTestActivity"
165-->src\main\AndroidManifest.xml:150:13-58
166            android:exported="false"
166-->src\main\AndroidManifest.xml:151:13-37
167            android:label="组合候选词测试"
167-->src\main\AndroidManifest.xml:152:13-36
168            android:windowSoftInputMode="adjustResize" />
168-->src\main\AndroidManifest.xml:153:13-55
169
170        <!-- 输入法服务 -->
171        <service
171-->src\main\AndroidManifest.xml:156:9-167:19
172            android:name="com.shenji.aikeyboard.keyboard.ShenjiInputMethodService"
172-->src\main\AndroidManifest.xml:157:13-62
173            android:exported="true"
173-->src\main\AndroidManifest.xml:160:13-36
174            android:label="@string/ime_name"
174-->src\main\AndroidManifest.xml:158:13-45
175            android:permission="android.permission.BIND_INPUT_METHOD" >
175-->src\main\AndroidManifest.xml:159:13-70
176            <intent-filter>
176-->src\main\AndroidManifest.xml:161:13-163:29
177                <action android:name="android.view.InputMethod" />
177-->src\main\AndroidManifest.xml:162:17-67
177-->src\main\AndroidManifest.xml:162:25-64
178            </intent-filter>
179
180            <meta-data
180-->src\main\AndroidManifest.xml:164:13-166:50
181                android:name="android.view.im"
181-->src\main\AndroidManifest.xml:165:17-47
182                android:resource="@xml/method" />
182-->src\main\AndroidManifest.xml:166:17-47
183        </service>
184
185        <!-- 无障碍服务 - 用于自动填写验证码 -->
186        <service
186-->src\main\AndroidManifest.xml:170:9-181:19
187            android:name="com.shenji.aikeyboard.utils.AutofillAccessibilityService"
187-->src\main\AndroidManifest.xml:171:13-63
188            android:exported="true"
188-->src\main\AndroidManifest.xml:174:13-36
189            android:label="神机键盘验证码自动填写"
189-->src\main\AndroidManifest.xml:172:13-40
190            android:permission="android.permission.BIND_ACCESSIBILITY_SERVICE" >
190-->src\main\AndroidManifest.xml:173:13-79
191            <intent-filter>
191-->src\main\AndroidManifest.xml:175:13-177:29
192                <action android:name="android.accessibilityservice.AccessibilityService" />
192-->src\main\AndroidManifest.xml:176:17-92
192-->src\main\AndroidManifest.xml:176:25-89
193            </intent-filter>
194
195            <meta-data
195-->src\main\AndroidManifest.xml:178:13-180:72
196                android:name="android.accessibilityservice"
196-->src\main\AndroidManifest.xml:179:17-60
197                android:resource="@xml/accessibility_service_config" />
197-->src\main\AndroidManifest.xml:180:17-69
198        </service>
199
200        <!-- 输入法设置活动 -->
201        <activity
201-->src\main\AndroidManifest.xml:184:9-191:20
202            android:name="com.shenji.aikeyboard.settings.InputMethodSettingsActivity"
202-->src\main\AndroidManifest.xml:185:13-65
203            android:exported="true"
203-->src\main\AndroidManifest.xml:187:13-36
204            android:label="@string/ime_settings" >
204-->src\main\AndroidManifest.xml:186:13-49
205            <intent-filter>
205-->src\main\AndroidManifest.xml:188:13-190:29
206                <action android:name="android.intent.action.MAIN" />
206-->src\main\AndroidManifest.xml:47:17-69
206-->src\main\AndroidManifest.xml:47:25-66
207            </intent-filter>
208        </activity>
209
210        <!-- 模糊拼音设置 -->
211        <activity
211-->src\main\AndroidManifest.xml:194:9-197:40
212            android:name="com.shenji.aikeyboard.settings.FuzzyPinyinSettingsActivity"
212-->src\main\AndroidManifest.xml:195:13-65
213            android:exported="false"
213-->src\main\AndroidManifest.xml:197:13-37
214            android:label="模糊拼音设置" />
214-->src\main\AndroidManifest.xml:196:13-35
215
216        <!-- FileProvider配置 -->
217        <provider
217-->src\main\AndroidManifest.xml:200:9-208:20
218            android:name="androidx.core.content.FileProvider"
218-->src\main\AndroidManifest.xml:201:13-62
219            android:authorities="com.shenji.aikeyboard.fileprovider"
219-->src\main\AndroidManifest.xml:202:13-69
220            android:exported="false"
220-->src\main\AndroidManifest.xml:203:13-37
221            android:grantUriPermissions="true" >
221-->src\main\AndroidManifest.xml:204:13-47
222            <meta-data
222-->src\main\AndroidManifest.xml:205:13-207:54
223                android:name="android.support.FILE_PROVIDER_PATHS"
223-->src\main\AndroidManifest.xml:206:17-67
224                android:resource="@xml/file_paths" />
224-->src\main\AndroidManifest.xml:207:17-51
225        </provider>
226        <provider
226-->[androidx.emoji2:emoji2:1.3.0] AndroidManifest.xml:24:9-32:20
227            android:name="androidx.startup.InitializationProvider"
227-->[androidx.emoji2:emoji2:1.3.0] AndroidManifest.xml:25:13-67
228            android:authorities="com.shenji.aikeyboard.androidx-startup"
228-->[androidx.emoji2:emoji2:1.3.0] AndroidManifest.xml:26:13-68
229            android:exported="false" >
229-->[androidx.emoji2:emoji2:1.3.0] AndroidManifest.xml:27:13-37
230            <meta-data
230-->[androidx.emoji2:emoji2:1.3.0] AndroidManifest.xml:29:13-31:52
231                android:name="androidx.emoji2.text.EmojiCompatInitializer"
231-->[androidx.emoji2:emoji2:1.3.0] AndroidManifest.xml:30:17-75
232                android:value="androidx.startup" />
232-->[androidx.emoji2:emoji2:1.3.0] AndroidManifest.xml:31:17-49
233            <meta-data
233-->[androidx.lifecycle:lifecycle-process:2.7.0] AndroidManifest.xml:29:13-31:52
234                android:name="androidx.lifecycle.ProcessLifecycleInitializer"
234-->[androidx.lifecycle:lifecycle-process:2.7.0] AndroidManifest.xml:30:17-78
235                android:value="androidx.startup" />
235-->[androidx.lifecycle:lifecycle-process:2.7.0] AndroidManifest.xml:31:17-49
236            <meta-data
236-->[io.realm.kotlin:cinterop-android:2.3.0] AndroidManifest.xml:32:13-34:52
237                android:name="io.realm.kotlin.internal.RealmInitializer"
237-->[io.realm.kotlin:cinterop-android:2.3.0] AndroidManifest.xml:33:17-73
238                android:value="androidx.startup" />
238-->[io.realm.kotlin:cinterop-android:2.3.0] AndroidManifest.xml:34:17-49
239            <meta-data
239-->[androidx.profileinstaller:profileinstaller:1.3.1] AndroidManifest.xml:29:13-31:52
240                android:name="androidx.profileinstaller.ProfileInstallerInitializer"
240-->[androidx.profileinstaller:profileinstaller:1.3.1] AndroidManifest.xml:30:17-85
241                android:value="androidx.startup" />
241-->[androidx.profileinstaller:profileinstaller:1.3.1] AndroidManifest.xml:31:17-49
242        </provider>
243
244        <receiver
244-->[androidx.profileinstaller:profileinstaller:1.3.1] AndroidManifest.xml:34:9-52:20
245            android:name="androidx.profileinstaller.ProfileInstallReceiver"
245-->[androidx.profileinstaller:profileinstaller:1.3.1] AndroidManifest.xml:35:13-76
246            android:directBootAware="false"
246-->[androidx.profileinstaller:profileinstaller:1.3.1] AndroidManifest.xml:36:13-44
247            android:enabled="true"
247-->[androidx.profileinstaller:profileinstaller:1.3.1] AndroidManifest.xml:37:13-35
248            android:exported="true"
248-->[androidx.profileinstaller:profileinstaller:1.3.1] AndroidManifest.xml:38:13-36
249            android:permission="android.permission.DUMP" >
249-->[androidx.profileinstaller:profileinstaller:1.3.1] AndroidManifest.xml:39:13-57
250            <intent-filter>
250-->[androidx.profileinstaller:profileinstaller:1.3.1] AndroidManifest.xml:40:13-42:29
251                <action android:name="androidx.profileinstaller.action.INSTALL_PROFILE" />
251-->[androidx.profileinstaller:profileinstaller:1.3.1] AndroidManifest.xml:41:17-91
251-->[androidx.profileinstaller:profileinstaller:1.3.1] AndroidManifest.xml:41:25-88
252            </intent-filter>
253            <intent-filter>
253-->[androidx.profileinstaller:profileinstaller:1.3.1] AndroidManifest.xml:43:13-45:29
254                <action android:name="androidx.profileinstaller.action.SKIP_FILE" />
254-->[androidx.profileinstaller:profileinstaller:1.3.1] AndroidManifest.xml:44:17-85
254-->[androidx.profileinstaller:profileinstaller:1.3.1] AndroidManifest.xml:44:25-82
255            </intent-filter>
256            <intent-filter>
256-->[androidx.profileinstaller:profileinstaller:1.3.1] AndroidManifest.xml:46:13-48:29
257                <action android:name="androidx.profileinstaller.action.SAVE_PROFILE" />
257-->[androidx.profileinstaller:profileinstaller:1.3.1] AndroidManifest.xml:47:17-88
257-->[androidx.profileinstaller:profileinstaller:1.3.1] AndroidManifest.xml:47:25-85
258            </intent-filter>
259            <intent-filter>
259-->[androidx.profileinstaller:profileinstaller:1.3.1] AndroidManifest.xml:49:13-51:29
260                <action android:name="androidx.profileinstaller.action.BENCHMARK_OPERATION" />
260-->[androidx.profileinstaller:profileinstaller:1.3.1] AndroidManifest.xml:50:17-95
260-->[androidx.profileinstaller:profileinstaller:1.3.1] AndroidManifest.xml:50:25-92
261            </intent-filter>
262        </receiver>
263    </application>
264
265</manifest>